<?xml version="1.0" encoding="UTF-8"?>
<!-- Generated by org.testng.reporters.JUnitReportReporter -->
<testsuite hostname="IN5CG6322FKJ" failures="0" tests="2" name="Test_QuickSeries.ContactUsFinal" time="37.641" errors="0" timestamp="2020-08-11T16:02:21 EDT" skipped="0">
  <testcase classname="Test_QuickSeries.ContactUsFinal" name="UserStory1" time="30.987"/>
  <system-out/>
  <testcase classname="Test_QuickSeries.ContactUsFinal" name="Userstory2" time="6.654"/>
  <system-out/>
</testsuite> <!-- Test_QuickSeries.ContactUsFinal -->
