<?xml version="1.0" encoding="UTF-8"?>
<!-- Generated by org.testng.reporters.JUnitReportReporter -->
<testsuite hostname="IN5CG6322FKJ" failures="0" tests="2" name="Test_QuickSeries.ContactUsFinal" time="32.073" errors="0" timestamp="2020-08-11T14:33:13 EDT" skipped="0">
  <testcase classname="Test_QuickSeries.ContactUsFinal" name="UserStory1" time="25.869"/>
  <system-out/>
  <testcase classname="Test_QuickSeries.ContactUsFinal" name="Userstory2" time="6.204"/>
  <system-out/>
</testsuite> <!-- Test_QuickSeries.ContactUsFinal -->
