<?xml version="1.0" encoding="UTF-8"?>
<!-- Generated by org.testng.reporters.JUnitReportReporter -->
<testsuite hostname="IN5CG6322FKJ" failures="0" tests="2" name="com.practice.SeleniumProject.ContactUsFinal" time="33.472" errors="0" timestamp="2020-08-11T13:38:48 EDT" skipped="0">
  <testcase classname="com.practice.SeleniumProject.ContactUsFinal" name="UserStory1" time="26.383"/>
  <system-out/>
  <testcase classname="com.practice.SeleniumProject.ContactUsFinal" name="Userstory2" time="7.089"/>
  <system-out/>
</testsuite> <!-- com.practice.SeleniumProject.ContactUsFinal -->
